Using pre-set license
Built from '2020.3/staging' branch; Version is '2020.3.4f1 (0abb6314276a) revision 703331'; Using compiler version '192528614'; Build Type 'Release'
OS: 'Windows 10 Pro Education; OS build 19042.867; Version 2009; 64bit' Language: 'en' Physical Memory: 16318 MB
BatchMode: 1, IsHumanControllingUs: 0, StartBugReporterOnCrash: 0, Is64bit: 1, IsPro: 0

 COMMAND LINE ARGUMENTS:
C:\Folders\GameStuff\unityProjects\2020.3.4f1\Editor\Unity.exe
-adb2
-batchMode
-noUpm
-name
AssetImportWorker0
-projectPath
C:/GitNHub/CubeSmash/HackInSlash3D/HackNSlash3D
-logFile
Logs/AssetImportWorker0.log
-srvPort
58650
Successfully changed project path to: C:/GitNHub/CubeSmash/HackInSlash3D/HackNSlash3D
C:/GitNHub/CubeSmash/HackInSlash3D/HackNSlash3D
Using Asset Import Pipeline V2.
Refreshing native plugins compatible for Editor in 20.86 ms, found 0 plugins.
Preloading 0 native plugins for Editor in 0.00 ms.
Initialize engine version: 2020.3.4f1 (0abb6314276a)
[Subsystems] Discovering subsystems at path C:/Folders/GameStuff/unityProjects/2020.3.4f1/Editor/Data/Resources/UnitySubsystems
[Subsystems] Discovering subsystems at path C:/GitNHub/CubeSmash/HackInSlash3D/HackNSlash3D/Assets
GfxDevice: creating device client; threaded=0
Direct3D:
    Version:  Direct3D 11.0 [level 11.1]
    Renderer: NVIDIA GeForce GTX 1080 (ID=0x1b80)
    Vendor:   
    VRAM:     8079 MB
    Driver:   27.21.14.6231
Initialize mono
Mono path[0] = 'C:/Folders/GameStuff/unityProjects/2020.3.4f1/Editor/Data/Managed'
Mono path[1] = 'C:/Folders/GameStuff/unityProjects/2020.3.4f1/Editor/Data/MonoBleedingEdge/lib/mono/unityjit'
Mono config path = 'C:/Folders/GameStuff/unityProjects/2020.3.4f1/Editor/Data/MonoBleedingEdge/etc'
Using monoOptions --debugger-agent=transport=dt_socket,embedding=1,server=y,suspend=n,address=127.0.0.1:56632
Begin MonoManager ReloadAssembly
Registering precompiled unity dll's ...
Register platform support module: C:/Folders/GameStuff/unityProjects/2020.3.4f1/Editor/Data/PlaybackEngines/WindowsStandaloneSupport/UnityEditor.WindowsStandalone.Extensions.dll
Registered in 0.001483 seconds.
Native extension for WindowsStandalone target not found
Refreshing native plugins compatible for Editor in 22.38 ms, found 0 plugins.
Preloading 0 native plugins for Editor in 0.00 ms.
Mono: successfully reloaded assembly
- Completed reload, in  0.810 seconds
Platform modules already initialized, skipping
Registering precompiled user dll's ...
Registered in 0.001166 seconds.
Begin MonoManager ReloadAssembly
Native extension for WindowsStandalone target not found
Refreshing native plugins compatible for Editor in 0.26 ms, found 0 plugins.
Preloading 0 native plugins for Editor in 0.00 ms.
Mono: successfully reloaded assembly
- Completed reload, in  0.794 seconds
Platform modules already initialized, skipping
========================================================================
Worker process is ready to serve import requests
Launched and connected shader compiler UnityShaderCompiler.exe after 0.03 seconds
Refreshing native plugins compatible for Editor in 0.27 ms, found 0 plugins.
Preloading 0 native plugins for Editor in 0.00 ms.
Unloading 1295 Unused Serialized files (Serialized files now loaded: 0)
System memory in use before: 65.1 MB.
System memory in use after: 65.2 MB.

Unloading 13 unused Assets to reduce memory usage. Loaded Objects now: 1742.
Total: 1.787700 ms (FindLiveObjects: 0.189700 ms CreateObjectMapping: 0.113800 ms MarkObjects: 1.400800 ms  DeleteObjects: 0.082500 ms)

========================================================================
Received Import Request.
  path: Assets/_Project/Scripts/Player/PlayerHealth.cs
  artifactKey: Guid(1ea815373038f3e44bf58808c26d8e17) Importer(815301076,1909f56bfc062723c751e8b465ee728b)
Start importing Assets/_Project/Scripts/Player/PlayerHealth.cs using Guid(1ea815373038f3e44bf58808c26d8e17) Importer(815301076,1909f56bfc062723c751e8b465ee728b)  -> (artifact id: 'e3345634ec5f40a9842596f0453e16b2') in 0.036973 seconds
  Import took 0.039486 seconds .

========================================================================
Received Import Request.
  Time since last request: 213.534722 seconds.
  path: Assets/_Project/Scripts/Player/PlayerAttack.cs
  artifactKey: Guid(7296069e74ccabb4c9b40894d885191c) Importer(815301076,1909f56bfc062723c751e8b465ee728b)
Start importing Assets/_Project/Scripts/Player/PlayerAttack.cs using Guid(7296069e74ccabb4c9b40894d885191c) Importer(815301076,1909f56bfc062723c751e8b465ee728b)  -> (artifact id: '8ef5295163d62f485022a53254b4fbe2') in 0.006802 seconds
  Import took 0.009597 seconds .

========================================================================
Received Prepare
Registering precompiled user dll's ...
Registered in 0.001119 seconds.
Begin MonoManager ReloadAssembly
Native extension for WindowsStandalone target not found
Refreshing native plugins compatible for Editor in 0.21 ms, found 0 plugins.
Preloading 0 native plugins for Editor in 0.00 ms.
Mono: successfully reloaded assembly
- Completed reload, in  0.638 seconds
Platform modules already initialized, skipping
Refreshing native plugins compatible for Editor in 0.24 ms, found 0 plugins.
Preloading 0 native plugins for Editor in 0.00 ms.
Unloading 1275 Unused Serialized files (Serialized files now loaded: 0)
System memory in use before: 63.7 MB.
System memory in use after: 63.7 MB.

Unloading 8 unused Assets to reduce memory usage. Loaded Objects now: 1745.
Total: 1.555900 ms (FindLiveObjects: 0.147700 ms CreateObjectMapping: 0.047200 ms MarkObjects: 1.309600 ms  DeleteObjects: 0.049600 ms)

========================================================================
Received Prepare
Registering precompiled user dll's ...
Registered in 0.001121 seconds.
Begin MonoManager ReloadAssembly
Native extension for WindowsStandalone target not found
Refreshing native plugins compatible for Editor in 0.21 ms, found 0 plugins.
Preloading 0 native plugins for Editor in 0.00 ms.
Mono: successfully reloaded assembly
- Completed reload, in  0.627 seconds
Platform modules already initialized, skipping
Refreshing native plugins compatible for Editor in 0.21 ms, found 0 plugins.
Preloading 0 native plugins for Editor in 0.00 ms.
Unloading 1275 Unused Serialized files (Serialized files now loaded: 0)
System memory in use before: 63.7 MB.
System memory in use after: 63.7 MB.

Unloading 8 unused Assets to reduce memory usage. Loaded Objects now: 1748.
Total: 1.326800 ms (FindLiveObjects: 0.121300 ms CreateObjectMapping: 0.032100 ms MarkObjects: 1.130600 ms  DeleteObjects: 0.041800 ms)

========================================================================
Received Prepare
Registering precompiled user dll's ...
Registered in 0.001918 seconds.
Begin MonoManager ReloadAssembly
Native extension for WindowsStandalone target not found
Refreshing native plugins compatible for Editor in 0.21 ms, found 0 plugins.
Preloading 0 native plugins for Editor in 0.00 ms.
Mono: successfully reloaded assembly
- Completed reload, in  0.660 seconds
Platform modules already initialized, skipping
Refreshing native plugins compatible for Editor in 0.21 ms, found 0 plugins.
Preloading 0 native plugins for Editor in 0.00 ms.
Unloading 1275 Unused Serialized files (Serialized files now loaded: 0)
System memory in use before: 63.7 MB.
System memory in use after: 63.7 MB.

Unloading 8 unused Assets to reduce memory usage. Loaded Objects now: 1751.
Total: 1.599200 ms (FindLiveObjects: 0.137700 ms CreateObjectMapping: 0.046800 ms MarkObjects: 1.367600 ms  DeleteObjects: 0.045900 ms)

========================================================================
Received Prepare
Registering precompiled user dll's ...
Registered in 0.001103 seconds.
Begin MonoManager ReloadAssembly
Native extension for WindowsStandalone target not found
Refreshing native plugins compatible for Editor in 0.21 ms, found 0 plugins.
Preloading 0 native plugins for Editor in 0.00 ms.
Mono: successfully reloaded assembly
- Completed reload, in  0.647 seconds
Platform modules already initialized, skipping
Refreshing native plugins compatible for Editor in 0.21 ms, found 0 plugins.
Preloading 0 native plugins for Editor in 0.00 ms.
Unloading 1275 Unused Serialized files (Serialized files now loaded: 0)
System memory in use before: 63.7 MB.
System memory in use after: 63.8 MB.

Unloading 8 unused Assets to reduce memory usage. Loaded Objects now: 1754.
Total: 1.522800 ms (FindLiveObjects: 0.135000 ms CreateObjectMapping: 0.033200 ms MarkObjects: 1.306700 ms  DeleteObjects: 0.046700 ms)

========================================================================
Received Prepare
Registering precompiled user dll's ...
Registered in 0.001206 seconds.
Begin MonoManager ReloadAssembly
Native extension for WindowsStandalone target not found
Refreshing native plugins compatible for Editor in 0.21 ms, found 0 plugins.
Preloading 0 native plugins for Editor in 0.00 ms.
Mono: successfully reloaded assembly
- Completed reload, in  0.634 seconds
Platform modules already initialized, skipping
Refreshing native plugins compatible for Editor in 0.21 ms, found 0 plugins.
Preloading 0 native plugins for Editor in 0.00 ms.
Unloading 1275 Unused Serialized files (Serialized files now loaded: 0)
System memory in use before: 63.7 MB.
System memory in use after: 63.8 MB.

Unloading 8 unused Assets to reduce memory usage. Loaded Objects now: 1757.
Total: 1.623900 ms (FindLiveObjects: 0.121700 ms CreateObjectMapping: 0.040500 ms MarkObjects: 1.417300 ms  DeleteObjects: 0.043600 ms)

========================================================================
Received Import Request.
  Time since last request: 261.312541 seconds.
  path: ProjectSettings/TagManager.asset
  artifactKey: Guid(00000000000000003000000000000000) Importer(815301076,1909f56bfc062723c751e8b465ee728b)
Start importing ProjectSettings/TagManager.asset using Guid(00000000000000003000000000000000) Importer(815301076,1909f56bfc062723c751e8b465ee728b)  -> (artifact id: '7c7311f36917ae4a9faa9ba2a77e01f7') in 0.014247 seconds
  Import took 0.016486 seconds .

========================================================================
Received Import Request.
  Time since last request: 0.014857 seconds.
  path: ProjectSettings/TagManager.asset
  artifactKey: Guid(00000000000000003000000000000000) Importer(815301076,1909f56bfc062723c751e8b465ee728b)
Start importing ProjectSettings/TagManager.asset using Guid(00000000000000003000000000000000) Importer(815301076,1909f56bfc062723c751e8b465ee728b)  -> (artifact id: '7c7311f36917ae4a9faa9ba2a77e01f7') in 0.002120 seconds
  Import took 0.003862 seconds .

========================================================================
Received Import Request.
  Time since last request: 17.160749 seconds.
  path: ProjectSettings/TagManager.asset
  artifactKey: Guid(00000000000000003000000000000000) Importer(815301076,1909f56bfc062723c751e8b465ee728b)
Start importing ProjectSettings/TagManager.asset using Guid(00000000000000003000000000000000) Importer(815301076,1909f56bfc062723c751e8b465ee728b)  -> (artifact id: '33144aace184ca71de2a6a1ed9b76b69') in 0.002357 seconds
  Import took 0.004471 seconds .

========================================================================
Received Prepare
Registering precompiled user dll's ...
Registered in 0.001138 seconds.
Begin MonoManager ReloadAssembly
Native extension for WindowsStandalone target not found
Refreshing native plugins compatible for Editor in 0.22 ms, found 0 plugins.
Preloading 0 native plugins for Editor in 0.00 ms.
Mono: successfully reloaded assembly
- Completed reload, in  0.631 seconds
Platform modules already initialized, skipping
Refreshing native plugins compatible for Editor in 0.22 ms, found 0 plugins.
Preloading 0 native plugins for Editor in 0.00 ms.
Unloading 1275 Unused Serialized files (Serialized files now loaded: 0)
System memory in use before: 63.7 MB.
System memory in use after: 63.8 MB.

Unloading 11 unused Assets to reduce memory usage. Loaded Objects now: 1760.
Total: 1.465700 ms (FindLiveObjects: 0.121600 ms CreateObjectMapping: 0.037700 ms MarkObjects: 1.256200 ms  DeleteObjects: 0.049400 ms)

========================================================================
Received Prepare
Registering precompiled user dll's ...
Registered in 0.001051 seconds.
Begin MonoManager ReloadAssembly
Native extension for WindowsStandalone target not found
Refreshing native plugins compatible for Editor in 0.22 ms, found 0 plugins.
Preloading 0 native plugins for Editor in 0.00 ms.
Mono: successfully reloaded assembly
- Completed reload, in  0.619 seconds
Platform modules already initialized, skipping
Refreshing native plugins compatible for Editor in 0.23 ms, found 0 plugins.
Preloading 0 native plugins for Editor in 0.00 ms.
Unloading 1275 Unused Serialized files (Serialized files now loaded: 0)
System memory in use before: 63.7 MB.
System memory in use after: 63.8 MB.

Unloading 8 unused Assets to reduce memory usage. Loaded Objects now: 1763.
Total: 1.442900 ms (FindLiveObjects: 0.123400 ms CreateObjectMapping: 0.038800 ms MarkObjects: 1.237400 ms  DeleteObjects: 0.042700 ms)

========================================================================
Received Prepare
Registering precompiled user dll's ...
Registered in 0.001086 seconds.
Begin MonoManager ReloadAssembly
Native extension for WindowsStandalone target not found
Refreshing native plugins compatible for Editor in 0.21 ms, found 0 plugins.
Preloading 0 native plugins for Editor in 0.00 ms.
Mono: successfully reloaded assembly
- Completed reload, in  0.631 seconds
Platform modules already initialized, skipping
Refreshing native plugins compatible for Editor in 0.23 ms, found 0 plugins.
Preloading 0 native plugins for Editor in 0.00 ms.
Unloading 1275 Unused Serialized files (Serialized files now loaded: 0)
System memory in use before: 63.7 MB.
System memory in use after: 63.8 MB.

Unloading 8 unused Assets to reduce memory usage. Loaded Objects now: 1766.
Total: 1.520000 ms (FindLiveObjects: 0.171500 ms CreateObjectMapping: 0.047200 ms MarkObjects: 1.250600 ms  DeleteObjects: 0.049400 ms)

========================================================================
Received Prepare
Registering precompiled user dll's ...
Registered in 0.001149 seconds.
Begin MonoManager ReloadAssembly
Native extension for WindowsStandalone target not found
Refreshing native plugins compatible for Editor in 0.22 ms, found 0 plugins.
Preloading 0 native plugins for Editor in 0.00 ms.
Mono: successfully reloaded assembly
- Completed reload, in  0.641 seconds
Platform modules already initialized, skipping
Refreshing native plugins compatible for Editor in 0.21 ms, found 0 plugins.
Preloading 0 native plugins for Editor in 0.00 ms.
Unloading 1275 Unused Serialized files (Serialized files now loaded: 0)
System memory in use before: 63.7 MB.
System memory in use after: 63.8 MB.

Unloading 8 unused Assets to reduce memory usage. Loaded Objects now: 1769.
Total: 1.816200 ms (FindLiveObjects: 0.119400 ms CreateObjectMapping: 0.035800 ms MarkObjects: 1.605700 ms  DeleteObjects: 0.054400 ms)

========================================================================
Received Prepare
Registering precompiled user dll's ...
Registered in 0.001124 seconds.
Begin MonoManager ReloadAssembly
Native extension for WindowsStandalone target not found
Refreshing native plugins compatible for Editor in 0.21 ms, found 0 plugins.
Preloading 0 native plugins for Editor in 0.00 ms.
Mono: successfully reloaded assembly
- Completed reload, in  0.625 seconds
Platform modules already initialized, skipping
Refreshing native plugins compatible for Editor in 0.22 ms, found 0 plugins.
Preloading 0 native plugins for Editor in 0.00 ms.
Unloading 1275 Unused Serialized files (Serialized files now loaded: 0)
System memory in use before: 63.7 MB.
System memory in use after: 63.8 MB.

Unloading 8 unused Assets to reduce memory usage. Loaded Objects now: 1772.
Total: 1.538800 ms (FindLiveObjects: 0.123900 ms CreateObjectMapping: 0.034800 ms MarkObjects: 1.336100 ms  DeleteObjects: 0.043000 ms)

========================================================================
Received Import Request.
  Time since last request: 321.337273 seconds.
  path: Assets/_Project/Prefabs/Enemy.prefab
  artifactKey: Guid(3161972b61be579419d0650432b9af39) Importer(815301076,1909f56bfc062723c751e8b465ee728b)
Start importing Assets/_Project/Prefabs/Enemy.prefab using Guid(3161972b61be579419d0650432b9af39) Importer(815301076,1909f56bfc062723c751e8b465ee728b)  -> (artifact id: '3867b64a95d4cab17ff5d200ad0b357d') in 0.085338 seconds
  Import took 0.087697 seconds .

========================================================================
Received Prepare
Registering precompiled user dll's ...
Registered in 0.001129 seconds.
Begin MonoManager ReloadAssembly
Native extension for WindowsStandalone target not found
Refreshing native plugins compatible for Editor in 0.22 ms, found 0 plugins.
Preloading 0 native plugins for Editor in 0.00 ms.
Mono: successfully reloaded assembly
- Completed reload, in  0.630 seconds
Platform modules already initialized, skipping
Refreshing native plugins compatible for Editor in 0.23 ms, found 0 plugins.
Preloading 0 native plugins for Editor in 0.00 ms.
Unloading 1275 Unused Serialized files (Serialized files now loaded: 0)
System memory in use before: 66.9 MB.
System memory in use after: 67.0 MB.

Unloading 11 unused Assets to reduce memory usage. Loaded Objects now: 1784.
Total: 1.400200 ms (FindLiveObjects: 0.114600 ms CreateObjectMapping: 0.036100 ms MarkObjects: 1.197500 ms  DeleteObjects: 0.051300 ms)

========================================================================
Received Import Request.
  Time since last request: 193.643699 seconds.
  path: Assets/_Project/Prefabs/Enemy.prefab
  artifactKey: Guid(3161972b61be579419d0650432b9af39) Importer(815301076,1909f56bfc062723c751e8b465ee728b)
Start importing Assets/_Project/Prefabs/Enemy.prefab using Guid(3161972b61be579419d0650432b9af39) Importer(815301076,1909f56bfc062723c751e8b465ee728b)  -> (artifact id: '252065c9edbd22621817f4c3800ce8c1') in 0.062083 seconds
  Import took 0.064617 seconds .

========================================================================
Received Prepare
Registering precompiled user dll's ...
Registered in 0.001099 seconds.
Begin MonoManager ReloadAssembly
Native extension for WindowsStandalone target not found
Refreshing native plugins compatible for Editor in 0.22 ms, found 0 plugins.
Preloading 0 native plugins for Editor in 0.00 ms.
Mono: successfully reloaded assembly
- Completed reload, in  0.644 seconds
Platform modules already initialized, skipping
Refreshing native plugins compatible for Editor in 0.21 ms, found 0 plugins.
Preloading 0 native plugins for Editor in 0.00 ms.
Unloading 1275 Unused Serialized files (Serialized files now loaded: 0)
System memory in use before: 66.9 MB.
System memory in use after: 67.0 MB.

Unloading 11 unused Assets to reduce memory usage. Loaded Objects now: 1788.
Total: 1.387500 ms (FindLiveObjects: 0.123200 ms CreateObjectMapping: 0.036900 ms MarkObjects: 1.176400 ms  DeleteObjects: 0.049800 ms)

========================================================================
Received Prepare
Registering precompiled user dll's ...
Registered in 0.001117 seconds.
Begin MonoManager ReloadAssembly
Native extension for WindowsStandalone target not found
Refreshing native plugins compatible for Editor in 0.21 ms, found 0 plugins.
Preloading 0 native plugins for Editor in 0.00 ms.
Mono: successfully reloaded assembly
- Completed reload, in  0.629 seconds
Platform modules already initialized, skipping
Refreshing native plugins compatible for Editor in 0.21 ms, found 0 plugins.
Preloading 0 native plugins for Editor in 0.00 ms.
Unloading 1275 Unused Serialized files (Serialized files now loaded: 0)
System memory in use before: 66.9 MB.
System memory in use after: 67.0 MB.

Unloading 8 unused Assets to reduce memory usage. Loaded Objects now: 1791.
Total: 1.551500 ms (FindLiveObjects: 0.151100 ms CreateObjectMapping: 0.048700 ms MarkObjects: 1.306700 ms  DeleteObjects: 0.044300 ms)

========================================================================
Received Prepare
Registering precompiled user dll's ...
Registered in 0.001091 seconds.
Begin MonoManager ReloadAssembly
Native extension for WindowsStandalone target not found
Refreshing native plugins compatible for Editor in 0.22 ms, found 0 plugins.
Preloading 0 native plugins for Editor in 0.00 ms.
Mono: successfully reloaded assembly
- Completed reload, in  0.621 seconds
Platform modules already initialized, skipping
Refreshing native plugins compatible for Editor in 0.22 ms, found 0 plugins.
Preloading 0 native plugins for Editor in 0.00 ms.
Unloading 1275 Unused Serialized files (Serialized files now loaded: 0)
System memory in use before: 66.9 MB.
System memory in use after: 67.0 MB.

Unloading 8 unused Assets to reduce memory usage. Loaded Objects now: 1794.
Total: 1.475000 ms (FindLiveObjects: 0.137100 ms CreateObjectMapping: 0.035900 ms MarkObjects: 1.256000 ms  DeleteObjects: 0.044600 ms)

========================================================================
Received Import Request.
  Time since last request: 280.491557 seconds.
  path: Assets/_Project/Scripts/Enemy.cs
  artifactKey: Guid(1fc5ed039420b2048b77b845d4fc37d6) Importer(815301076,1909f56bfc062723c751e8b465ee728b)
Start importing Assets/_Project/Scripts/Enemy.cs using Guid(1fc5ed039420b2048b77b845d4fc37d6) Importer(815301076,1909f56bfc062723c751e8b465ee728b)  -> (artifact id: '182662ac0895e79ec99e8d38499c7a4b') in 0.005306 seconds
  Import took 0.008038 seconds .

========================================================================
Received Import Request.
  Time since last request: 0.021531 seconds.
  path: Assets/_Project/Scripts/Enemy.cs
  artifactKey: Guid(1fc5ed039420b2048b77b845d4fc37d6) Importer(815301076,1909f56bfc062723c751e8b465ee728b)
Start importing Assets/_Project/Scripts/Enemy.cs using Guid(1fc5ed039420b2048b77b845d4fc37d6) Importer(815301076,1909f56bfc062723c751e8b465ee728b)  -> (artifact id: '182662ac0895e79ec99e8d38499c7a4b') in 0.002016 seconds
  Import took 0.004140 seconds .

========================================================================
Received Import Request.
  Time since last request: 0.208651 seconds.
  path: Assets/_Project/Scripts/EnemySpawner.cs
  artifactKey: Guid(4a833679518c935468999d214665d6b7) Importer(815301076,1909f56bfc062723c751e8b465ee728b)
Start importing Assets/_Project/Scripts/EnemySpawner.cs using Guid(4a833679518c935468999d214665d6b7) Importer(815301076,1909f56bfc062723c751e8b465ee728b)  -> (artifact id: '78d153ab44621241d23b09bcc02d92d2') in 0.005783 seconds
  Import took 0.010059 seconds .

========================================================================
Received Import Request.
  Time since last request: 0.001680 seconds.
  path: Assets/_Project/Scripts/EnemySpawner.cs
  artifactKey: Guid(4a833679518c935468999d214665d6b7) Importer(815301076,1909f56bfc062723c751e8b465ee728b)
Start importing Assets/_Project/Scripts/EnemySpawner.cs using Guid(4a833679518c935468999d214665d6b7) Importer(815301076,1909f56bfc062723c751e8b465ee728b)  -> (artifact id: '78d153ab44621241d23b09bcc02d92d2') in 0.002195 seconds
  Import took 0.004407 seconds .

========================================================================
Received Prepare
Registering precompiled user dll's ...
Registered in 0.001110 seconds.
Begin MonoManager ReloadAssembly
Native extension for WindowsStandalone target not found
Refreshing native plugins compatible for Editor in 0.23 ms, found 0 plugins.
Preloading 0 native plugins for Editor in 0.00 ms.
Mono: successfully reloaded assembly
- Completed reload, in  0.624 seconds
Platform modules already initialized, skipping
Refreshing native plugins compatible for Editor in 0.25 ms, found 0 plugins.
Preloading 0 native plugins for Editor in 0.00 ms.
Unloading 1275 Unused Serialized files (Serialized files now loaded: 0)
System memory in use before: 66.9 MB.
System memory in use after: 67.0 MB.

Unloading 8 unused Assets to reduce memory usage. Loaded Objects now: 1797.
Total: 1.598100 ms (FindLiveObjects: 0.151200 ms CreateObjectMapping: 0.036900 ms MarkObjects: 1.356300 ms  DeleteObjects: 0.052400 ms)

========================================================================
Received Import Request.
  Time since last request: 44.718650 seconds.
  path: Assets/_Project/Scripts/Enemy.cs
  artifactKey: Guid(1fc5ed039420b2048b77b845d4fc37d6) Importer(815301076,1909f56bfc062723c751e8b465ee728b)
Start importing Assets/_Project/Scripts/Enemy.cs using Guid(1fc5ed039420b2048b77b845d4fc37d6) Importer(815301076,1909f56bfc062723c751e8b465ee728b)  -> (artifact id: 'd0996b888f04ded5ca48670d3649114c') in 0.005649 seconds
  Import took 0.007874 seconds .

========================================================================
Received Import Request.
  Time since last request: 1.401936 seconds.
  path: Assets/_Project/Scripts/Enemy.cs
  artifactKey: Guid(1fc5ed039420b2048b77b845d4fc37d6) Importer(815301076,1909f56bfc062723c751e8b465ee728b)
Start importing Assets/_Project/Scripts/Enemy.cs using Guid(1fc5ed039420b2048b77b845d4fc37d6) Importer(815301076,1909f56bfc062723c751e8b465ee728b)  -> (artifact id: 'd0996b888f04ded5ca48670d3649114c') in 0.001897 seconds
  Import took 0.003724 seconds .

========================================================================
Received Prepare
Registering precompiled user dll's ...
Registered in 0.001154 seconds.
Begin MonoManager ReloadAssembly
Native extension for WindowsStandalone target not found
Refreshing native plugins compatible for Editor in 0.23 ms, found 0 plugins.
Preloading 0 native plugins for Editor in 0.00 ms.
Mono: successfully reloaded assembly
- Completed reload, in  0.620 seconds
Platform modules already initialized, skipping
Refreshing native plugins compatible for Editor in 0.21 ms, found 0 plugins.
Preloading 0 native plugins for Editor in 0.00 ms.
Unloading 1275 Unused Serialized files (Serialized files now loaded: 0)
System memory in use before: 66.9 MB.
System memory in use after: 67.0 MB.

Unloading 8 unused Assets to reduce memory usage. Loaded Objects now: 1800.
Total: 1.435200 ms (FindLiveObjects: 0.135500 ms CreateObjectMapping: 0.037200 ms MarkObjects: 1.212200 ms  DeleteObjects: 0.049500 ms)

========================================================================
Received Import Request.
  Time since last request: 633.816743 seconds.
  path: Assets/_Project/Scripts/DeathTrigger.cs
  artifactKey: Guid(53bc7d0f5e3d942438c44ecdb5ba0886) Importer(815301076,1909f56bfc062723c751e8b465ee728b)
Start importing Assets/_Project/Scripts/DeathTrigger.cs using Guid(53bc7d0f5e3d942438c44ecdb5ba0886) Importer(815301076,1909f56bfc062723c751e8b465ee728b)  -> (artifact id: 'd475b581c03ddf644d7f75851646c0cc') in 0.006298 seconds
  Import took 0.008764 seconds .

========================================================================
Received Prepare
Registering precompiled user dll's ...
Registered in 0.001251 seconds.
Begin MonoManager ReloadAssembly
Native extension for WindowsStandalone target not found
Refreshing native plugins compatible for Editor in 0.21 ms, found 0 plugins.
Preloading 0 native plugins for Editor in 0.00 ms.
Mono: successfully reloaded assembly
- Completed reload, in  0.629 seconds
Platform modules already initialized, skipping
Refreshing native plugins compatible for Editor in 0.22 ms, found 0 plugins.
Preloading 0 native plugins for Editor in 0.00 ms.
Unloading 1275 Unused Serialized files (Serialized files now loaded: 0)
System memory in use before: 66.9 MB.
System memory in use after: 67.0 MB.

Unloading 8 unused Assets to reduce memory usage. Loaded Objects now: 1803.
Total: 1.466600 ms (FindLiveObjects: 0.112700 ms CreateObjectMapping: 0.028800 ms MarkObjects: 1.282700 ms  DeleteObjects: 0.041500 ms)

AssetImportWorkerClient::OnTransportError - code=2 error=End of file
