Using pre-set license
Built from '2020.3/staging' branch; Version is '2020.3.4f1 (0abb6314276a) revision 703331'; Using compiler version '192528614'; Build Type 'Release'
OS: 'Windows 10 Pro Education; OS build 19042.867; Version 2009; 64bit' Language: 'en' Physical Memory: 16318 MB
BatchMode: 1, IsHumanControllingUs: 0, StartBugReporterOnCrash: 0, Is64bit: 1, IsPro: 0

 COMMAND LINE ARGUMENTS:
C:\Folders\GameStuff\unityProjects\2020.3.4f1\Editor\Unity.exe
-adb2
-batchMode
-noUpm
-name
AssetImportWorker0
-projectPath
C:/GitNHub/CubeSmash/HackInSlash3D/HackNSlash3D
-logFile
Logs/AssetImportWorker0.log
-srvPort
65348
Successfully changed project path to: C:/GitNHub/CubeSmash/HackInSlash3D/HackNSlash3D
C:/GitNHub/CubeSmash/HackInSlash3D/HackNSlash3D
Using Asset Import Pipeline V2.
Refreshing native plugins compatible for Editor in 22.96 ms, found 0 plugins.
Preloading 0 native plugins for Editor in 0.00 ms.
Initialize engine version: 2020.3.4f1 (0abb6314276a)
[Subsystems] Discovering subsystems at path C:/Folders/GameStuff/unityProjects/2020.3.4f1/Editor/Data/Resources/UnitySubsystems
[Subsystems] Discovering subsystems at path C:/GitNHub/CubeSmash/HackInSlash3D/HackNSlash3D/Assets
GfxDevice: creating device client; threaded=0
Direct3D:
    Version:  Direct3D 11.0 [level 11.1]
    Renderer: NVIDIA GeForce GTX 1080 (ID=0x1b80)
    Vendor:   
    VRAM:     8079 MB
    Driver:   27.21.14.6192
Initialize mono
Mono path[0] = 'C:/Folders/GameStuff/unityProjects/2020.3.4f1/Editor/Data/Managed'
Mono path[1] = 'C:/Folders/GameStuff/unityProjects/2020.3.4f1/Editor/Data/MonoBleedingEdge/lib/mono/unityjit'
Mono config path = 'C:/Folders/GameStuff/unityProjects/2020.3.4f1/Editor/Data/MonoBleedingEdge/etc'
Using monoOptions --debugger-agent=transport=dt_socket,embedding=1,server=y,suspend=n,address=127.0.0.1:56772
Begin MonoManager ReloadAssembly
Registering precompiled unity dll's ...
Register platform support module: C:/Folders/GameStuff/unityProjects/2020.3.4f1/Editor/Data/PlaybackEngines/WindowsStandaloneSupport/UnityEditor.WindowsStandalone.Extensions.dll
Registered in 0.001465 seconds.
Native extension for WindowsStandalone target not found
Refreshing native plugins compatible for Editor in 21.17 ms, found 0 plugins.
Preloading 0 native plugins for Editor in 0.00 ms.
Mono: successfully reloaded assembly
- Completed reload, in  0.844 seconds
Platform modules already initialized, skipping
Registering precompiled user dll's ...
Registered in 0.001204 seconds.
Begin MonoManager ReloadAssembly
Native extension for WindowsStandalone target not found
Refreshing native plugins compatible for Editor in 0.24 ms, found 0 plugins.
Preloading 0 native plugins for Editor in 0.00 ms.
Mono: successfully reloaded assembly
- Completed reload, in  0.713 seconds
Platform modules already initialized, skipping
========================================================================
Worker process is ready to serve import requests
Launched and connected shader compiler UnityShaderCompiler.exe after 0.03 seconds
Refreshing native plugins compatible for Editor in 0.23 ms, found 0 plugins.
Preloading 0 native plugins for Editor in 0.00 ms.
Unloading 1295 Unused Serialized files (Serialized files now loaded: 0)
System memory in use before: 65.1 MB.
System memory in use after: 65.2 MB.

Unloading 13 unused Assets to reduce memory usage. Loaded Objects now: 1742.
Total: 1.683800 ms (FindLiveObjects: 0.172800 ms CreateObjectMapping: 0.056400 ms MarkObjects: 1.382600 ms  DeleteObjects: 0.070800 ms)

========================================================================
Received Import Request.
  path: Assets/_Project/Scripts/Player/PlayerMovement.cs
  artifactKey: Guid(cd9666461bef2764490ad19062493a34) Importer(815301076,1909f56bfc062723c751e8b465ee728b)
Start importing Assets/_Project/Scripts/Player/PlayerMovement.cs using Guid(cd9666461bef2764490ad19062493a34) Importer(815301076,1909f56bfc062723c751e8b465ee728b)  -> (artifact id: 'e1a420960ca6db775beee335e29feef6') in 0.043400 seconds
  Import took 0.045604 seconds .

========================================================================
Received Import Request.
  Time since last request: 0.280263 seconds.
  path: Assets/_Project/Scripts/Player/PlayerMovement.cs
  artifactKey: Guid(cd9666461bef2764490ad19062493a34) Importer(815301076,1909f56bfc062723c751e8b465ee728b)
Start importing Assets/_Project/Scripts/Player/PlayerMovement.cs using Guid(cd9666461bef2764490ad19062493a34) Importer(815301076,1909f56bfc062723c751e8b465ee728b)  -> (artifact id: 'e1a420960ca6db775beee335e29feef6') in 0.001493 seconds
  Import took 0.003716 seconds .

========================================================================
Received Prepare
Registering precompiled user dll's ...
Registered in 0.001108 seconds.
Begin MonoManager ReloadAssembly
Native extension for WindowsStandalone target not found
Refreshing native plugins compatible for Editor in 0.22 ms, found 0 plugins.
Preloading 0 native plugins for Editor in 0.00 ms.
Mono: successfully reloaded assembly
- Completed reload, in  0.683 seconds
Platform modules already initialized, skipping
Refreshing native plugins compatible for Editor in 0.25 ms, found 0 plugins.
Preloading 0 native plugins for Editor in 0.00 ms.
Unloading 1275 Unused Serialized files (Serialized files now loaded: 0)
System memory in use before: 63.7 MB.
System memory in use after: 63.7 MB.

Unloading 8 unused Assets to reduce memory usage. Loaded Objects now: 1745.
Total: 1.413000 ms (FindLiveObjects: 0.149400 ms CreateObjectMapping: 0.038400 ms MarkObjects: 1.178100 ms  DeleteObjects: 0.046400 ms)

========================================================================
Received Import Request.
  Time since last request: 33.959164 seconds.
  path: Assets/_Project/Scripts/Player/PlayerMovement.cs
  artifactKey: Guid(cd9666461bef2764490ad19062493a34) Importer(815301076,1909f56bfc062723c751e8b465ee728b)
Start importing Assets/_Project/Scripts/Player/PlayerMovement.cs using Guid(cd9666461bef2764490ad19062493a34) Importer(815301076,1909f56bfc062723c751e8b465ee728b)  -> (artifact id: '4eb1b665ecdfb6656e1fb5d348a32fa2') in 0.005345 seconds
  Import took 0.007383 seconds .

========================================================================
Received Prepare
Registering precompiled user dll's ...
Registered in 0.001098 seconds.
Begin MonoManager ReloadAssembly
Native extension for WindowsStandalone target not found
Refreshing native plugins compatible for Editor in 0.23 ms, found 0 plugins.
Preloading 0 native plugins for Editor in 0.00 ms.
Mono: successfully reloaded assembly
- Completed reload, in  0.637 seconds
Platform modules already initialized, skipping
Refreshing native plugins compatible for Editor in 0.21 ms, found 0 plugins.
Preloading 0 native plugins for Editor in 0.00 ms.
Unloading 1275 Unused Serialized files (Serialized files now loaded: 0)
System memory in use before: 63.7 MB.
System memory in use after: 63.7 MB.

Unloading 8 unused Assets to reduce memory usage. Loaded Objects now: 1748.
Total: 1.455200 ms (FindLiveObjects: 0.124900 ms CreateObjectMapping: 0.036600 ms MarkObjects: 1.253800 ms  DeleteObjects: 0.039200 ms)

========================================================================
Received Import Request.
  Time since last request: 19.214626 seconds.
  path: Assets/_Project/Scripts/Player/PlayerMovement.cs
  artifactKey: Guid(cd9666461bef2764490ad19062493a34) Importer(815301076,1909f56bfc062723c751e8b465ee728b)
Start importing Assets/_Project/Scripts/Player/PlayerMovement.cs using Guid(cd9666461bef2764490ad19062493a34) Importer(815301076,1909f56bfc062723c751e8b465ee728b)  -> (artifact id: '9822b428433e05b8ca7467ed37768593') in 0.005129 seconds
  Import took 0.009109 seconds .

