Using pre-set license
Built from '2020.3/staging' branch; Version is '2020.3.3f1 (76626098c1c4) revision 7758432'; Using compiler version '192528614'; Build Type 'Release'
OS: 'Windows 10 Pro Education; OS build 19042.867; Version 2009; 64bit' Language: 'en' Physical Memory: 16318 MB
BatchMode: 1, IsHumanControllingUs: 0, StartBugReporterOnCrash: 0, Is64bit: 1, IsPro: 0

 COMMAND LINE ARGUMENTS:
C:\Folders\GameStuff\unityProjects\2020.3.3f1\Editor\Unity.exe
-adb2
-batchMode
-noUpm
-name
AssetImportWorker0
-projectPath
C:/GitNHub/CubeSmash/HackNSlash3D
-logFile
Logs/AssetImportWorker0.log
-srvPort
59890
Successfully changed project path to: C:/GitNHub/CubeSmash/HackNSlash3D
C:/GitNHub/CubeSmash/HackNSlash3D
Using Asset Import Pipeline V2.
Refreshing native plugins compatible for Editor in 22.51 ms, found 0 plugins.
Preloading 0 native plugins for Editor in 0.00 ms.
Initialize engine version: 2020.3.3f1 (76626098c1c4)
[Subsystems] Discovering subsystems at path C:/Folders/GameStuff/unityProjects/2020.3.3f1/Editor/Data/Resources/UnitySubsystems
[Subsystems] Discovering subsystems at path C:/GitNHub/CubeSmash/HackNSlash3D/Assets
GfxDevice: creating device client; threaded=0
Direct3D:
    Version:  Direct3D 11.0 [level 11.1]
    Renderer: NVIDIA GeForce GTX 1080 (ID=0x1b80)
    Vendor:   
    VRAM:     8079 MB
    Driver:   27.21.14.6192
Initialize mono
Mono path[0] = 'C:/Folders/GameStuff/unityProjects/2020.3.3f1/Editor/Data/Managed'
Mono path[1] = 'C:/Folders/GameStuff/unityProjects/2020.3.3f1/Editor/Data/MonoBleedingEdge/lib/mono/unityjit'
Mono config path = 'C:/Folders/GameStuff/unityProjects/2020.3.3f1/Editor/Data/MonoBleedingEdge/etc'
Using monoOptions --debugger-agent=transport=dt_socket,embedding=1,server=y,suspend=n,address=127.0.0.1:56372
Begin MonoManager ReloadAssembly
Registering precompiled unity dll's ...
Register platform support module: C:/Folders/GameStuff/unityProjects/2020.3.3f1/Editor/Data/PlaybackEngines/WindowsStandaloneSupport/UnityEditor.WindowsStandalone.Extensions.dll
Registered in 0.001517 seconds.
Native extension for WindowsStandalone target not found
Refreshing native plugins compatible for Editor in 22.04 ms, found 0 plugins.
Preloading 0 native plugins for Editor in 0.00 ms.
Invoked RoslynAnalysisRunner static constructor.
RoslynAnalysisRunner will not be running.
RoslynAnalysisRunner has terminated.
Mono: successfully reloaded assembly
- Completed reload, in  0.805 seconds
Platform modules already initialized, skipping
Registering precompiled user dll's ...
Registered in 0.001097 seconds.
Begin MonoManager ReloadAssembly
Native extension for WindowsStandalone target not found
Refreshing native plugins compatible for Editor in 0.27 ms, found 0 plugins.
Preloading 0 native plugins for Editor in 0.00 ms.
Invoked RoslynAnalysisRunner static constructor.
RoslynAnalysisRunner will not be running.
RoslynAnalysisRunner has terminated.
Mono: successfully reloaded assembly
- Completed reload, in  0.681 seconds
Platform modules already initialized, skipping
========================================================================
Worker process is ready to serve import requests
Launched and connected shader compiler UnityShaderCompiler.exe after 0.03 seconds
Refreshing native plugins compatible for Editor in 0.30 ms, found 0 plugins.
Preloading 0 native plugins for Editor in 0.00 ms.
Unloading 1295 Unused Serialized files (Serialized files now loaded: 0)
System memory in use before: 65.0 MB.
System memory in use after: 65.0 MB.

Unloading 13 unused Assets to reduce memory usage. Loaded Objects now: 1741.
Total: 1.415300 ms (FindLiveObjects: 0.129800 ms CreateObjectMapping: 0.046100 ms MarkObjects: 1.174700 ms  DeleteObjects: 0.063800 ms)

========================================================================
Received Import Request.
  path: Assets/_Project/Scripts/Player/PlayerAttack.cs
  artifactKey: Guid(7296069e74ccabb4c9b40894d885191c) Importer(815301076,1909f56bfc062723c751e8b465ee728b)
Start importing Assets/_Project/Scripts/Player/PlayerAttack.cs using Guid(7296069e74ccabb4c9b40894d885191c) Importer(815301076,1909f56bfc062723c751e8b465ee728b)  -> (artifact id: '06967f17c4a4b1189294db158a434bc5') in 0.027461 seconds
  Import took 0.029485 seconds .

========================================================================
Received Prepare
Registering precompiled user dll's ...
Registered in 0.001111 seconds.
Begin MonoManager ReloadAssembly
Native extension for WindowsStandalone target not found
Refreshing native plugins compatible for Editor in 0.22 ms, found 0 plugins.
Preloading 0 native plugins for Editor in 0.00 ms.
Invoked RoslynAnalysisRunner static constructor.
RoslynAnalysisRunner will not be running.
RoslynAnalysisRunner has terminated.
Mono: successfully reloaded assembly
- Completed reload, in  0.624 seconds
Platform modules already initialized, skipping
Refreshing native plugins compatible for Editor in 0.22 ms, found 0 plugins.
Preloading 0 native plugins for Editor in 0.00 ms.
Unloading 1275 Unused Serialized files (Serialized files now loaded: 0)
System memory in use before: 63.5 MB.
System memory in use after: 63.6 MB.

Unloading 8 unused Assets to reduce memory usage. Loaded Objects now: 1744.
Total: 1.535400 ms (FindLiveObjects: 0.155300 ms CreateObjectMapping: 0.054700 ms MarkObjects: 1.281500 ms  DeleteObjects: 0.043100 ms)

========================================================================
Received Import Request.
  Time since last request: 137.351618 seconds.
  path: ProjectSettings/TagManager.asset
  artifactKey: Guid(00000000000000003000000000000000) Importer(815301076,1909f56bfc062723c751e8b465ee728b)
Start importing ProjectSettings/TagManager.asset using Guid(00000000000000003000000000000000) Importer(815301076,1909f56bfc062723c751e8b465ee728b)  -> (artifact id: '4725b6ba29ec121d7415666812212043') in 0.016055 seconds
  Import took 0.018450 seconds .

========================================================================
Received Import Request.
  Time since last request: 0.000964 seconds.
  path: ProjectSettings/TagManager.asset
  artifactKey: Guid(00000000000000003000000000000000) Importer(815301076,1909f56bfc062723c751e8b465ee728b)
Start importing ProjectSettings/TagManager.asset using Guid(00000000000000003000000000000000) Importer(815301076,1909f56bfc062723c751e8b465ee728b)  -> (artifact id: '4725b6ba29ec121d7415666812212043') in 0.002286 seconds
  Import took 0.004281 seconds .

========================================================================
Received Import Request.
  Time since last request: 6.314755 seconds.
  path: ProjectSettings/TagManager.asset
  artifactKey: Guid(00000000000000003000000000000000) Importer(815301076,1909f56bfc062723c751e8b465ee728b)
Start importing ProjectSettings/TagManager.asset using Guid(00000000000000003000000000000000) Importer(815301076,1909f56bfc062723c751e8b465ee728b)  -> (artifact id: 'fedb7f39c89faefc9b83f56432004246') in 0.002204 seconds
  Import took 0.004284 seconds .

========================================================================
Received Prepare
Registering precompiled user dll's ...
Registered in 0.001105 seconds.
Begin MonoManager ReloadAssembly
Native extension for WindowsStandalone target not found
Refreshing native plugins compatible for Editor in 0.23 ms, found 0 plugins.
Preloading 0 native plugins for Editor in 0.00 ms.
Invoked RoslynAnalysisRunner static constructor.
RoslynAnalysisRunner will not be running.
RoslynAnalysisRunner has terminated.
Mono: successfully reloaded assembly
- Completed reload, in  0.631 seconds
Platform modules already initialized, skipping
Refreshing native plugins compatible for Editor in 0.22 ms, found 0 plugins.
Preloading 0 native plugins for Editor in 0.00 ms.
Unloading 1275 Unused Serialized files (Serialized files now loaded: 0)
System memory in use before: 63.6 MB.
System memory in use after: 63.6 MB.

Unloading 11 unused Assets to reduce memory usage. Loaded Objects now: 1747.
Total: 1.353000 ms (FindLiveObjects: 0.120000 ms CreateObjectMapping: 0.032400 ms MarkObjects: 1.158300 ms  DeleteObjects: 0.041500 ms)

========================================================================
Received Prepare
Registering precompiled user dll's ...
Registered in 0.001083 seconds.
Begin MonoManager ReloadAssembly
Native extension for WindowsStandalone target not found
Refreshing native plugins compatible for Editor in 0.22 ms, found 0 plugins.
Preloading 0 native plugins for Editor in 0.00 ms.
Invoked RoslynAnalysisRunner static constructor.
RoslynAnalysisRunner will not be running.
RoslynAnalysisRunner has terminated.
Mono: successfully reloaded assembly
- Completed reload, in  0.630 seconds
Platform modules already initialized, skipping
Refreshing native plugins compatible for Editor in 0.25 ms, found 0 plugins.
Preloading 0 native plugins for Editor in 0.00 ms.
Unloading 1275 Unused Serialized files (Serialized files now loaded: 0)
System memory in use before: 63.5 MB.
System memory in use after: 63.6 MB.

Unloading 8 unused Assets to reduce memory usage. Loaded Objects now: 1750.
Total: 1.819200 ms (FindLiveObjects: 0.146200 ms CreateObjectMapping: 0.043600 ms MarkObjects: 1.577600 ms  DeleteObjects: 0.050700 ms)

========================================================================
Received Prepare
Registering precompiled user dll's ...
Registered in 0.001088 seconds.
Begin MonoManager ReloadAssembly
Native extension for WindowsStandalone target not found
Refreshing native plugins compatible for Editor in 0.22 ms, found 0 plugins.
Preloading 0 native plugins for Editor in 0.00 ms.
Invoked RoslynAnalysisRunner static constructor.
RoslynAnalysisRunner will not be running.
RoslynAnalysisRunner has terminated.
Mono: successfully reloaded assembly
- Completed reload, in  0.617 seconds
Platform modules already initialized, skipping
Refreshing native plugins compatible for Editor in 0.21 ms, found 0 plugins.
Preloading 0 native plugins for Editor in 0.00 ms.
Unloading 1275 Unused Serialized files (Serialized files now loaded: 0)
System memory in use before: 63.5 MB.
System memory in use after: 63.6 MB.

Unloading 8 unused Assets to reduce memory usage. Loaded Objects now: 1753.
Total: 1.508600 ms (FindLiveObjects: 0.131300 ms CreateObjectMapping: 0.037100 ms MarkObjects: 1.298900 ms  DeleteObjects: 0.040600 ms)

========================================================================
Received Prepare
Registering precompiled user dll's ...
Registered in 0.001071 seconds.
Begin MonoManager ReloadAssembly
Native extension for WindowsStandalone target not found
Refreshing native plugins compatible for Editor in 0.23 ms, found 0 plugins.
Preloading 0 native plugins for Editor in 0.00 ms.
Invoked RoslynAnalysisRunner static constructor.
RoslynAnalysisRunner will not be running.
RoslynAnalysisRunner has terminated.
Mono: successfully reloaded assembly
- Completed reload, in  0.628 seconds
Platform modules already initialized, skipping
Refreshing native plugins compatible for Editor in 0.23 ms, found 0 plugins.
Preloading 0 native plugins for Editor in 0.00 ms.
Unloading 1275 Unused Serialized files (Serialized files now loaded: 0)
System memory in use before: 63.5 MB.
System memory in use after: 63.6 MB.

Unloading 8 unused Assets to reduce memory usage. Loaded Objects now: 1756.
Total: 1.425400 ms (FindLiveObjects: 0.135100 ms CreateObjectMapping: 0.038700 ms MarkObjects: 1.208500 ms  DeleteObjects: 0.042400 ms)

========================================================================
Received Prepare
Registering precompiled user dll's ...
Registered in 0.001057 seconds.
Begin MonoManager ReloadAssembly
Native extension for WindowsStandalone target not found
Refreshing native plugins compatible for Editor in 0.23 ms, found 0 plugins.
Preloading 0 native plugins for Editor in 0.00 ms.
Invoked RoslynAnalysisRunner static constructor.
RoslynAnalysisRunner will not be running.
RoslynAnalysisRunner has terminated.
Mono: successfully reloaded assembly
- Completed reload, in  0.616 seconds
Platform modules already initialized, skipping
Refreshing native plugins compatible for Editor in 0.22 ms, found 0 plugins.
Preloading 0 native plugins for Editor in 0.00 ms.
Unloading 1275 Unused Serialized files (Serialized files now loaded: 0)
System memory in use before: 63.6 MB.
System memory in use after: 63.6 MB.

Unloading 8 unused Assets to reduce memory usage. Loaded Objects now: 1759.
Total: 1.458400 ms (FindLiveObjects: 0.121100 ms CreateObjectMapping: 0.037500 ms MarkObjects: 1.254800 ms  DeleteObjects: 0.044200 ms)

========================================================================
Received Prepare
Registering precompiled user dll's ...
Registered in 0.001076 seconds.
Begin MonoManager ReloadAssembly
Native extension for WindowsStandalone target not found
Refreshing native plugins compatible for Editor in 0.24 ms, found 0 plugins.
Preloading 0 native plugins for Editor in 0.00 ms.
Invoked RoslynAnalysisRunner static constructor.
RoslynAnalysisRunner will not be running.
RoslynAnalysisRunner has terminated.
Mono: successfully reloaded assembly
- Completed reload, in  0.645 seconds
Platform modules already initialized, skipping
Refreshing native plugins compatible for Editor in 0.22 ms, found 0 plugins.
Preloading 0 native plugins for Editor in 0.00 ms.
Unloading 1275 Unused Serialized files (Serialized files now loaded: 0)
System memory in use before: 63.6 MB.
System memory in use after: 63.6 MB.

Unloading 8 unused Assets to reduce memory usage. Loaded Objects now: 1762.
Total: 1.550100 ms (FindLiveObjects: 0.118300 ms CreateObjectMapping: 0.037600 ms MarkObjects: 1.351900 ms  DeleteObjects: 0.041500 ms)

========================================================================
Received Prepare
Registering precompiled user dll's ...
Registered in 0.001111 seconds.
Begin MonoManager ReloadAssembly
Native extension for WindowsStandalone target not found
Refreshing native plugins compatible for Editor in 0.23 ms, found 0 plugins.
Preloading 0 native plugins for Editor in 0.00 ms.
Invoked RoslynAnalysisRunner static constructor.
RoslynAnalysisRunner will not be running.
RoslynAnalysisRunner has terminated.
Mono: successfully reloaded assembly
- Completed reload, in  0.615 seconds
Platform modules already initialized, skipping
Refreshing native plugins compatible for Editor in 0.22 ms, found 0 plugins.
Preloading 0 native plugins for Editor in 0.00 ms.
Unloading 1275 Unused Serialized files (Serialized files now loaded: 0)
System memory in use before: 63.6 MB.
System memory in use after: 63.6 MB.

Unloading 8 unused Assets to reduce memory usage. Loaded Objects now: 1765.
Total: 1.445200 ms (FindLiveObjects: 0.113700 ms CreateObjectMapping: 0.034300 ms MarkObjects: 1.215900 ms  DeleteObjects: 0.080400 ms)

========================================================================
Received Import Request.
  Time since last request: 314.751608 seconds.
  path: ProjectSettings/TagManager.asset
  artifactKey: Guid(00000000000000003000000000000000) Importer(815301076,1909f56bfc062723c751e8b465ee728b)
Start importing ProjectSettings/TagManager.asset using Guid(00000000000000003000000000000000) Importer(815301076,1909f56bfc062723c751e8b465ee728b)  -> (artifact id: '3aa18a9de624fc7fbc9d395e73fcedfa') in 0.010426 seconds
  Import took 0.012135 seconds .

========================================================================
Received Prepare
Registering precompiled user dll's ...
Registered in 0.001066 seconds.
Begin MonoManager ReloadAssembly
Native extension for WindowsStandalone target not found
Refreshing native plugins compatible for Editor in 0.23 ms, found 0 plugins.
Preloading 0 native plugins for Editor in 0.00 ms.
Invoked RoslynAnalysisRunner static constructor.
RoslynAnalysisRunner will not be running.
RoslynAnalysisRunner has terminated.
Mono: successfully reloaded assembly
- Completed reload, in  0.627 seconds
Platform modules already initialized, skipping
Refreshing native plugins compatible for Editor in 0.23 ms, found 0 plugins.
Preloading 0 native plugins for Editor in 0.00 ms.
Unloading 1275 Unused Serialized files (Serialized files now loaded: 0)
System memory in use before: 63.6 MB.
System memory in use after: 63.7 MB.

Unloading 9 unused Assets to reduce memory usage. Loaded Objects now: 1768.
Total: 1.483000 ms (FindLiveObjects: 0.123400 ms CreateObjectMapping: 0.037400 ms MarkObjects: 1.279400 ms  DeleteObjects: 0.041600 ms)

========================================================================
Received Prepare
Registering precompiled user dll's ...
Registered in 0.001078 seconds.
Begin MonoManager ReloadAssembly
Native extension for WindowsStandalone target not found
Refreshing native plugins compatible for Editor in 0.22 ms, found 0 plugins.
Preloading 0 native plugins for Editor in 0.00 ms.
Invoked RoslynAnalysisRunner static constructor.
RoslynAnalysisRunner will not be running.
RoslynAnalysisRunner has terminated.
Mono: successfully reloaded assembly
- Completed reload, in  0.635 seconds
Platform modules already initialized, skipping
Refreshing native plugins compatible for Editor in 0.22 ms, found 0 plugins.
Preloading 0 native plugins for Editor in 0.00 ms.
Unloading 1275 Unused Serialized files (Serialized files now loaded: 0)
System memory in use before: 63.6 MB.
System memory in use after: 63.7 MB.

Unloading 8 unused Assets to reduce memory usage. Loaded Objects now: 1771.
Total: 1.472700 ms (FindLiveObjects: 0.127900 ms CreateObjectMapping: 0.042100 ms MarkObjects: 1.262600 ms  DeleteObjects: 0.039400 ms)

========================================================================
Received Import Request.
  Time since last request: 58.082898 seconds.
  path: Assets/_Project/Prefabs/Enemy.prefab
  artifactKey: Guid(3161972b61be579419d0650432b9af39) Importer(815301076,1909f56bfc062723c751e8b465ee728b)
Start importing Assets/_Project/Prefabs/Enemy.prefab using Guid(3161972b61be579419d0650432b9af39) Importer(815301076,1909f56bfc062723c751e8b465ee728b)  -> (artifact id: '73e456c9fdac9a35e9d771af43e9438f') in 0.092197 seconds
  Import took 0.094370 seconds .

========================================================================
Received Import Request.
  Time since last request: 12.450383 seconds.
  path: Assets/_Project/Scripts/Enemy.cs
  artifactKey: Guid(1fc5ed039420b2048b77b845d4fc37d6) Importer(815301076,1909f56bfc062723c751e8b465ee728b)
Start importing Assets/_Project/Scripts/Enemy.cs using Guid(1fc5ed039420b2048b77b845d4fc37d6) Importer(815301076,1909f56bfc062723c751e8b465ee728b)  -> (artifact id: '55fc830ff7bb374c2b441b79d5648eae') in 0.001734 seconds
  Import took 0.003908 seconds .

========================================================================
Received Import Request.
  Time since last request: 0.000619 seconds.
  path: Assets/_Project/Scripts/Enemy.cs
  artifactKey: Guid(1fc5ed039420b2048b77b845d4fc37d6) Importer(815301076,1909f56bfc062723c751e8b465ee728b)
Start importing Assets/_Project/Scripts/Enemy.cs using Guid(1fc5ed039420b2048b77b845d4fc37d6) Importer(815301076,1909f56bfc062723c751e8b465ee728b)  -> (artifact id: '55fc830ff7bb374c2b441b79d5648eae') in 0.001956 seconds
  Import took 0.003715 seconds .

========================================================================
Received Prepare
Registering precompiled user dll's ...
Registered in 0.001164 seconds.
Begin MonoManager ReloadAssembly
Native extension for WindowsStandalone target not found
Refreshing native plugins compatible for Editor in 0.27 ms, found 0 plugins.
Preloading 0 native plugins for Editor in 0.00 ms.
Invoked RoslynAnalysisRunner static constructor.
RoslynAnalysisRunner will not be running.
RoslynAnalysisRunner has terminated.
Mono: successfully reloaded assembly
- Completed reload, in  0.626 seconds
Platform modules already initialized, skipping
Refreshing native plugins compatible for Editor in 0.23 ms, found 0 plugins.
Preloading 0 native plugins for Editor in 0.00 ms.
Unloading 1275 Unused Serialized files (Serialized files now loaded: 0)
System memory in use before: 66.8 MB.
System memory in use after: 66.8 MB.

Unloading 11 unused Assets to reduce memory usage. Loaded Objects now: 1783.
Total: 1.435300 ms (FindLiveObjects: 0.140200 ms CreateObjectMapping: 0.037500 ms MarkObjects: 1.205500 ms  DeleteObjects: 0.051300 ms)

========================================================================
Received Import Request.
  Time since last request: 43.557675 seconds.
  path: Assets/_Project/Scripts/Enemy.cs
  artifactKey: Guid(1fc5ed039420b2048b77b845d4fc37d6) Importer(815301076,1909f56bfc062723c751e8b465ee728b)
Start importing Assets/_Project/Scripts/Enemy.cs using Guid(1fc5ed039420b2048b77b845d4fc37d6) Importer(815301076,1909f56bfc062723c751e8b465ee728b)  -> (artifact id: '321ebe5fa5693546b76895d48f2a1ee2') in 0.003100 seconds
  Import took 0.006730 seconds .

========================================================================
Received Prepare
Registering precompiled user dll's ...
Registered in 0.001112 seconds.
Begin MonoManager ReloadAssembly
Native extension for WindowsStandalone target not found
Refreshing native plugins compatible for Editor in 0.24 ms, found 0 plugins.
Preloading 0 native plugins for Editor in 0.00 ms.
Invoked RoslynAnalysisRunner static constructor.
RoslynAnalysisRunner will not be running.
RoslynAnalysisRunner has terminated.
Mono: successfully reloaded assembly
- Completed reload, in  0.627 seconds
Platform modules already initialized, skipping
Refreshing native plugins compatible for Editor in 0.22 ms, found 0 plugins.
Preloading 0 native plugins for Editor in 0.00 ms.
Unloading 1275 Unused Serialized files (Serialized files now loaded: 0)
System memory in use before: 66.7 MB.
System memory in use after: 66.8 MB.

Unloading 8 unused Assets to reduce memory usage. Loaded Objects now: 1786.
Total: 1.587800 ms (FindLiveObjects: 0.137500 ms CreateObjectMapping: 0.049300 ms MarkObjects: 1.357000 ms  DeleteObjects: 0.043300 ms)

========================================================================
Received Import Request.
  Time since last request: 71.715588 seconds.
  path: Assets/_Project/Scripts/EnemySpawner.cs
  artifactKey: Guid(4a833679518c935468999d214665d6b7) Importer(815301076,1909f56bfc062723c751e8b465ee728b)
Start importing Assets/_Project/Scripts/EnemySpawner.cs using Guid(4a833679518c935468999d214665d6b7) Importer(815301076,1909f56bfc062723c751e8b465ee728b)  -> (artifact id: '15a6c85c7e9cbbbf7207433e49c30232') in 0.006598 seconds
  Import took 0.008652 seconds .

========================================================================
Received Import Request.
  Time since last request: 0.019003 seconds.
  path: Assets/_Project/Scripts/EnemySpawner.cs
  artifactKey: Guid(4a833679518c935468999d214665d6b7) Importer(815301076,1909f56bfc062723c751e8b465ee728b)
Start importing Assets/_Project/Scripts/EnemySpawner.cs using Guid(4a833679518c935468999d214665d6b7) Importer(815301076,1909f56bfc062723c751e8b465ee728b)  -> (artifact id: '15a6c85c7e9cbbbf7207433e49c30232') in 0.002277 seconds
  Import took 0.004064 seconds .

========================================================================
Received Import Request.
  Time since last request: 4.707278 seconds.
  path: Assets/_Project/Scripts/Player/PlayerAttack.cs
  artifactKey: Guid(7296069e74ccabb4c9b40894d885191c) Importer(815301076,1909f56bfc062723c751e8b465ee728b)
Start importing Assets/_Project/Scripts/Player/PlayerAttack.cs using Guid(7296069e74ccabb4c9b40894d885191c) Importer(815301076,1909f56bfc062723c751e8b465ee728b)  -> (artifact id: 'eb37b949f4193b9840de59c86df0e50b') in 0.002247 seconds
  Import took 0.006545 seconds .

========================================================================
Received Prepare
Registering precompiled user dll's ...
Registered in 0.001354 seconds.
Begin MonoManager ReloadAssembly
Native extension for WindowsStandalone target not found
Refreshing native plugins compatible for Editor in 0.22 ms, found 0 plugins.
Preloading 0 native plugins for Editor in 0.00 ms.
Invoked RoslynAnalysisRunner static constructor.
RoslynAnalysisRunner will not be running.
RoslynAnalysisRunner has terminated.
Mono: successfully reloaded assembly
- Completed reload, in  0.616 seconds
Platform modules already initialized, skipping
Refreshing native plugins compatible for Editor in 0.22 ms, found 0 plugins.
Preloading 0 native plugins for Editor in 0.00 ms.
Unloading 1275 Unused Serialized files (Serialized files now loaded: 0)
System memory in use before: 66.8 MB.
System memory in use after: 66.8 MB.

Unloading 8 unused Assets to reduce memory usage. Loaded Objects now: 1789.
Total: 1.335700 ms (FindLiveObjects: 0.130200 ms CreateObjectMapping: 0.038600 ms MarkObjects: 1.124500 ms  DeleteObjects: 0.041800 ms)

========================================================================
Received Import Request.
  Time since last request: 7.769141 seconds.
  path: Assets/_Project/Scripts/Player/PlayerAttack.cs
  artifactKey: Guid(7296069e74ccabb4c9b40894d885191c) Importer(815301076,1909f56bfc062723c751e8b465ee728b)
Start importing Assets/_Project/Scripts/Player/PlayerAttack.cs using Guid(7296069e74ccabb4c9b40894d885191c) Importer(815301076,1909f56bfc062723c751e8b465ee728b)  -> (artifact id: 'b918fd56c3a8dcd258ad3bfc0ff69cdf') in 0.005330 seconds
  Import took 0.008787 seconds .

AssetImportWorkerClient::OnTransportError - code=2 error=End of file
